# JRE version: Java(TM) SE Runtime Environment (8.0_192-b12) (build 1.8.0_192-b12)
# Java VM: Java HotSpot(TM) 64-Bit Server VM (25.192-b12 mixed mode windows-amd64 compressed oops)
Heap:
 PSYoungGen      total 392704K, used 142615K [0x000000076b400000, 0x0000000784380000, 0x00000007c0000000)
  eden space 376320K, 37% used [0x000000076b400000,0x0000000773f45e18,0x0000000782380000)
  from space 16384K, 0% used [0x0000000783380000,0x0000000783380000,0x0000000784380000)
  to   space 16384K, 0% used [0x0000000782380000,0x0000000782380000,0x0000000783380000)
 ParOldGen       total 123904K, used 22283K [0x00000006c1c00000, 0x00000006c9500000, 0x000000076b400000)
  object space 123904K, 17% used [0x00000006c1c00000,0x00000006c31c2df0,0x00000006c9500000)
 Metaspace       used 47119K, capacity 49893K, committed 50128K, reserved 1093632K
  class space    used 6092K, capacity 6630K, committed 6656K, reserved 1048576K
GC Heap History (10 events):
Event: 610.790 GC heap before
{Heap before GC invocations=12 (full 4):
 PSYoungGen      total 392192K, used 5841K [0x000000076b400000, 0x0000000784380000, 0x00000007c0000000)
  eden space 376320K, 0% used [0x000000076b400000,0x000000076b400000,0x0000000782380000)
  from space 15872K, 36% used [0x0000000783400000,0x00000007839b4680,0x0000000784380000)
  to   space 16384K, 0% used [0x0000000782380000,0x0000000782380000,0x0000000783380000)
 ParOldGen       total 123904K, used 25788K [0x00000006c1c00000, 0x00000006c9500000, 0x000000076b400000)
  object space 123904K, 20% used [0x00000006c1c00000,0x00000006c352f170,0x00000006c9500000)
 Metaspace       used 45861K, capacity 48301K, committed 48464K, reserved 1091584K
  class space    used 5962K, capacity 6450K, committed 6528K, reserved 1048576K
Event: 610.918 GC heap after
Heap after GC invocations=12 (full 4):
 PSYoungGen      total 392192K, used 0K [0x000000076b400000, 0x0000000784380000, 0x00000007c0000000)
  eden space 376320K, 0% used [0x000000076b400000,0x000000076b400000,0x0000000782380000)
  from space 15872K, 0% used [0x0000000783400000,0x0000000783400000,0x0000000784380000)
  to   space 16384K, 0% used [0x0000000782380000,0x0000000782380000,0x0000000783380000)
 ParOldGen       total 123904K, used 21203K [0x00000006c1c00000, 0x00000006c9500000, 0x000000076b400000)
  object space 123904K, 17% used [0x00000006c1c00000,0x00000006c30b4df0,0x00000006c9500000)
 Metaspace       used 45786K, capacity 48163K, committed 48464K, reserved 1091584K
  class space    used 5949K, capacity 6427K, committed 6528K, reserved 1048576K
}
Event: 781.199 GC heap before
{Heap before GC invocations=13 (full 4):
 PSYoungGen      total 392192K, used 144503K [0x000000076b400000, 0x0000000784380000, 0x00000007c0000000)
  eden space 376320K, 38% used [0x000000076b400000,0x000000077411df30,0x0000000782380000)
  from space 15872K, 0% used [0x0000000783400000,0x0000000783400000,0x0000000784380000)
  to   space 16384K, 0% used [0x0000000782380000,0x0000000782380000,0x0000000783380000)
 ParOldGen       total 123904K, used 21203K [0x00000006c1c00000, 0x00000006c9500000, 0x000000076b400000)
  object space 123904K, 17% used [0x00000006c1c00000,0x00000006c30b4df0,0x00000006c9500000)
 Metaspace       used 46391K, capacity 49043K, committed 49232K, reserved 1091584K
  class space    used 6022K, capacity 6524K, committed 6528K, reserved 1048576K
Event: 781.203 GC heap after
Heap after GC invocations=13 (full 4):
 PSYoungGen      total 392704K, used 6035K [0x000000076b400000, 0x0000000784380000, 0x00000007c0000000)
  eden space 376320K, 0% used [0x000000076b400000,0x000000076b400000,0x0000000782380000)
  from space 16384K, 36% used [0x0000000782380000,0x0000000782964c28,0x0000000783380000)
  to   space 16384K, 0% used [0x0000000783380000,0x0000000783380000,0x0000000784380000)
 ParOldGen       total 123904K, used 21211K [0x00000006c1c00000, 0x00000006c9500000, 0x000000076b400000)
  object space 123904K, 17% used [0x00000006c1c00000,0x00000006c30b6df0,0x00000006c9500000)
 Metaspace       used 46391K, capacity 49043K, committed 49232K, reserved 1091584K
  class space    used 6022K, capacity 6524K, committed 6528K, reserved 1048576K
}
Event: 781.203 GC heap before
{Heap before GC invocations=14 (full 5):
 PSYoungGen      total 392704K, used 6035K [0x000000076b400000, 0x0000000784380000, 0x00000007c0000000)
  eden space 376320K, 0% used [0x000000076b400000,0x000000076b400000,0x0000000782380000)
  from space 16384K, 36% used [0x0000000782380000,0x0000000782964c28,0x0000000783380000)
  to   space 16384K, 0% used [0x0000000783380000,0x0000000783380000,0x0000000784380000)
 ParOldGen       total 123904K, used 21211K [0x00000006c1c00000, 0x00000006c9500000, 0x000000076b400000)
  object space 123904K, 17% used [0x00000006c1c00000,0x00000006c30b6df0,0x00000006c9500000)
 Metaspace       used 46391K, capacity 49043K, committed 49232K, reserved 1091584K
  class space    used 6022K, capacity 6524K, committed 6528K, reserved 1048576K
Event: 781.353 GC heap after
Heap after GC invocations=14 (full 5):
 PSYoungGen      total 392704K, used 0K [0x000000076b400000, 0x0000000784380000, 0x00000007c0000000)
  eden space 376320K, 0% used [0x000000076b400000,0x000000076b400000,0x0000000782380000)
  from space 16384K, 0% used [0x0000000782380000,0x0000000782380000,0x0000000783380000)
  to   space 16384K, 0% used [0x0000000783380000,0x0000000783380000,0x0000000784380000)
 ParOldGen       total 123904K, used 21933K [0x00000006c1c00000, 0x00000006c9500000, 0x000000076b400000)
  object space 123904K, 17% used [0x00000006c1c00000,0x00000006c316b6f0,0x00000006c9500000)
 Metaspace       used 46381K, capacity 49025K, committed 49232K, reserved 1091584K
  class space    used 6020K, capacity 6520K, committed 6528K, reserved 1048576K
}
Event: 1621.145 GC heap before
{Heap before GC invocations=15 (full 5):
 PSYoungGen      total 392704K, used 149287K [0x000000076b400000, 0x0000000784380000, 0x00000007c0000000)
  eden space 376320K, 39% used [0x000000076b400000,0x00000007745c9cb8,0x0000000782380000)
  from space 16384K, 0% used [0x0000000782380000,0x0000000782380000,0x0000000783380000)
  to   space 16384K, 0% used [0x0000000783380000,0x0000000783380000,0x0000000784380000)
 ParOldGen       total 123904K, used 21933K [0x00000006c1c00000, 0x00000006c9500000, 0x000000076b400000)
  object space 123904K, 17% used [0x00000006c1c00000,0x00000006c316b6f0,0x00000006c9500000)
 Metaspace       used 46727K, capacity 49469K, committed 49616K, reserved 1091584K
  class space    used 6054K, capacity 6583K, committed 6656K, reserved 1048576K
Event: 1621.151 GC heap after
Heap after GC invocations=15 (full 5):
 PSYoungGen      total 392704K, used 5778K [0x000000076b400000, 0x0000000784380000, 0x00000007c0000000)
  eden space 376320K, 0% used [0x000000076b400000,0x000000076b400000,0x0000000782380000)
  from space 16384K, 35% used [0x0000000783380000,0x00000007839249c0,0x0000000784380000)
  to   space 16384K, 0% used [0x0000000782380000,0x0000000782380000,0x0000000783380000)
 ParOldGen       total 123904K, used 21941K [0x00000006c1c00000, 0x00000006c9500000, 0x000000076b400000)
  object space 123904K, 17% used [0x00000006c1c00000,0x00000006c316d6f0,0x00000006c9500000)
 Metaspace       used 46727K, capacity 49469K, committed 49616K, reserved 1091584K
  class space    used 6054K, capacity 6583K, committed 6656K, reserved 1048576K
}
Event: 1621.151 GC heap before
{Heap before GC invocations=16 (full 6):
 PSYoungGen      total 392704K, used 5778K [0x000000076b400000, 0x0000000784380000, 0x00000007c0000000)
  eden space 376320K, 0% used [0x000000076b400000,0x000000076b400000,0x0000000782380000)
  from space 16384K, 35% used [0x0000000783380000,0x00000007839249c0,0x0000000784380000)
  to   space 16384K, 0% used [0x0000000782380000,0x0000000782380000,0x0000000783380000)
 ParOldGen       total 123904K, used 21941K [0x00000006c1c00000, 0x00000006c9500000, 0x000000076b400000)
  object space 123904K, 17% used [0x00000006c1c00000,0x00000006c316d6f0,0x00000006c9500000)
 Metaspace       used 46727K, capacity 49469K, committed 49616K, reserved 1091584K
  class space    used 6054K, capacity 6583K, committed 6656K, reserved 1048576K
Event: 1621.291 GC heap after
Heap after GC invocations=16 (full 6):
 PSYoungGen      total 392704K, used 0K [0x000000076b400000, 0x0000000784380000, 0x00000007c0000000)
  eden space 376320K, 0% used [0x000000076b400000,0x000000076b400000,0x0000000782380000)
  from space 16384K, 0% used [0x0000000783380000,0x0000000783380000,0x0000000784380000)
  to   space 16384K, 0% used [0x0000000782380000,0x0000000782380000,0x0000000783380000)
 ParOldGen       total 123904K, used 22283K [0x00000006c1c00000, 0x00000006c9500000, 0x000000076b400000)
  object space 123904K, 17% used [0x00000006c1c00000,0x00000006c31c2df0,0x00000006c9500000)
 Metaspace       used 46717K, capacity 49451K, committed 49616K, reserved 1091584K
  class space    used 6053K, capacity 6579K, committed 6656K, reserved 1048576K
}

